
*** Running vivado
    with args -log TicTacToe.vds -m64 -product Vivado -mode batch -messageDb vivado.pb -notrace -source TicTacToe.tcl


ECHO is off.
ECHO is off.

****** Vivado v2023.2 (64-bit)
  **** SW Build 4029153 on Fri Oct 13 20:14:34 MDT 2023
  **** IP Build 4028589 on Sat Oct 14 00:45:43 MDT 2023
  **** SharedData Build 4025554 on Tue Oct 10 17:18:54 MDT 2023
    ** Copyright 1986-2022 Xilinx, Inc. All Rights Reserved.
    ** Copyright 2022-2023 Advanced Micro Devices, Inc. All Rights Reserved.

source TicTacToe.tcl -notrace
create_project: Time (s): cpu = 00:00:03 ; elapsed = 00:00:09 . Memory (MB): peak = 467.824 ; gain = 183.953
Command: read_checkpoint -auto_incremental -incremental C:/Users/user/tic/tic.srcs/utils_1/imports/synth_1/TicTacToe.dcp
INFO: [Vivado 12-5825] Read reference checkpoint from C:/Users/user/tic/tic.srcs/utils_1/imports/synth_1/TicTacToe.dcp for incremental synthesis
INFO: [Vivado 12-7989] Please ensure there are no constraint changes
Command: synth_design -top TicTacToe -part xc7a35tcpg236-1
Starting synth_design
Attempting to get a license for feature 'Synthesis' and/or device 'xc7a35t'
INFO: [Common 17-349] Got license for feature 'Synthesis' and/or device 'xc7a35t'
INFO: [Designutils 20-5440] No compile time benefit to using incremental synthesis; A full resynthesis will be run
INFO: [Designutils 20-4379] Flow is switching to default flow due to incremental criteria not met. If you would like to alter this behaviour and have the flow terminate instead, please set the following parameter config_implementation {autoIncr.Synth.RejectBehavior Terminate}
INFO: [Synth 8-7079] Multithreading enabled for synth_design using a maximum of 2 processes.
INFO: [Synth 8-7078] Launching helper process for spawning children vivado processes
INFO: [Synth 8-7075] Helper process launched with PID 13352
---------------------------------------------------------------------------------
Starting Synthesize : Time (s): cpu = 00:00:01 ; elapsed = 00:00:06 . Memory (MB): peak = 921.422 ; gain = 438.609
---------------------------------------------------------------------------------
INFO: [Synth 8-638] synthesizing module 'TicTacToe' [C:/Users/user/tic/tic.srcs/sources_1/new/tictactoe.vhd:20]
INFO: [Synth 8-256] done synthesizing module 'TicTacToe' (0#1) [C:/Users/user/tic/tic.srcs/sources_1/new/tictactoe.vhd:20]
WARNING: [Synth 8-3848] Net seven_seg in module/entity TicTacToe does not have driver. [C:/Users/user/tic/tic.srcs/sources_1/new/tictactoe.vhd:15]
WARNING: [Synth 8-7129] Port seven_seg[6] in module TicTacToe is either unconnected or has no load
WARNING: [Synth 8-7129] Port seven_seg[5] in module TicTacToe is either unconnected or has no load
WARNING: [Synth 8-7129] Port seven_seg[4] in module TicTacToe is either unconnected or has no load
WARNING: [Synth 8-7129] Port seven_seg[3] in module TicTacToe is either unconnected or has no load
WARNING: [Synth 8-7129] Port seven_seg[2] in module TicTacToe is either unconnected or has no load
WARNING: [Synth 8-7129] Port seven_seg[1] in module TicTacToe is either unconnected or has no load
WARNING: [Synth 8-7129] Port seven_seg[0] in module TicTacToe is either unconnected or has no load
---------------------------------------------------------------------------------
Finished Synthesize : Time (s): cpu = 00:00:02 ; elapsed = 00:00:09 . Memory (MB): peak = 1028.402 ; gain = 545.590
---------------------------------------------------------------------------------
---------------------------------------------------------------------------------
Finished Constraint Validation : Time (s): cpu = 00:00:02 ; elapsed = 00:00:10 . Memory (MB): peak = 1028.402 ; gain = 545.590
---------------------------------------------------------------------------------
---------------------------------------------------------------------------------
Start Loading Part and Timing Information
---------------------------------------------------------------------------------
Loading part: xc7a35tcpg236-1
---------------------------------------------------------------------------------
Finished Loading Part and Timing Information : Time (s): cpu = 00:00:02 ; elapsed = 00:00:10 . Memory (MB): peak = 1028.402 ; gain = 545.590
---------------------------------------------------------------------------------
INFO: [Device 21-403] Loading part xc7a35tcpg236-1
---------------------------------------------------------------------------------
Finished RTL Optimization Phase 2 : Time (s): cpu = 00:00:02 ; elapsed = 00:00:10 . Memory (MB): peak = 1028.402 ; gain = 545.590
---------------------------------------------------------------------------------
No constraint files found.
---------------------------------------------------------------------------------
Start RTL Component Statistics 
---------------------------------------------------------------------------------
Detailed RTL Component Info : 
+---Adders : 
	   2 Input    2 Bit       Adders := 4     
+---Registers : 
	               64 Bit    Registers := 1     
	                9 Bit    Registers := 1     
	                2 Bit    Registers := 2     
	                1 Bit    Registers := 1     
+---Muxes : 
	   2 Input   63 Bit        Muxes := 1     
	   2 Input    9 Bit        Muxes := 1     
	   2 Input    2 Bit        Muxes := 2     
	   2 Input    1 Bit        Muxes := 2     
---------------------------------------------------------------------------------
Finished RTL Component Statistics 
---------------------------------------------------------------------------------
---------------------------------------------------------------------------------
Start Part Resource Summary
---------------------------------------------------------------------------------
Part Resources:
DSPs: 90 (col length:60)
BRAMs: 100 (col length: RAMB18 60 RAMB36 30)
---------------------------------------------------------------------------------
Finished Part Resource Summary
---------------------------------------------------------------------------------
No constraint files found.
---------------------------------------------------------------------------------
Start Cross Boundary and Area Optimization
---------------------------------------------------------------------------------
WARNING: [Synth 8-7080] Parallel synthesis criteria is not met
WARNING: [Synth 8-7129] Port seven_seg[6] in module TicTacToe is either unconnected or has no load
WARNING: [Synth 8-7129] Port seven_seg[5] in module TicTacToe is either unconnected or has no load
WARNING: [Synth 8-7129] Port seven_seg[4] in module TicTacToe is either unconnected or has no load
WARNING: [Synth 8-7129] Port seven_seg[3] in module TicTacToe is either unconnected or has no load
WARNING: [Synth 8-7129] Port seven_seg[2] in module TicTacToe is either unconnected or has no load
WARNING: [Synth 8-7129] Port seven_seg[1] in module TicTacToe is either unconnected or has no load
WARNING: [Synth 8-7129] Port seven_seg[0] in module TicTacToe is either unconnected or has no load
---------------------------------------------------------------------------------
Finished Cross Boundary and Area Optimization : Time (s): cpu = 00:00:05 ; elapsed = 00:00:18 . Memory (MB): peak = 1216.902 ; gain = 734.090
---------------------------------------------------------------------------------
No constraint files found.
---------------------------------------------------------------------------------
Start Timing Optimization
---------------------------------------------------------------------------------
---------------------------------------------------------------------------------
Finished Timing Optimization : Time (s): cpu = 00:00:05 ; elapsed = 00:00:18 . Memory (MB): peak = 1216.902 ; gain = 734.090
---------------------------------------------------------------------------------
---------------------------------------------------------------------------------
Start Technology Mapping
---------------------------------------------------------------------------------
---------------------------------------------------------------------------------
Finished Technology Mapping : Time (s): cpu = 00:00:05 ; elapsed = 00:00:18 . Memory (MB): peak = 1216.902 ; gain = 734.090
---------------------------------------------------------------------------------
---------------------------------------------------------------------------------
Start IO Insertion
---------------------------------------------------------------------------------
---------------------------------------------------------------------------------
Start Flattening Before IO Insertion
---------------------------------------------------------------------------------
---------------------------------------------------------------------------------
Finished Flattening Before IO Insertion
---------------------------------------------------------------------------------
---------------------------------------------------------------------------------
Start Final Netlist Cleanup
---------------------------------------------------------------------------------
---------------------------------------------------------------------------------
Finished Final Netlist Cleanup
---------------------------------------------------------------------------------
---------------------------------------------------------------------------------
Finished IO Insertion : Time (s): cpu = 00:00:07 ; elapsed = 00:00:24 . Memory (MB): peak = 1216.902 ; gain = 734.090
---------------------------------------------------------------------------------
---------------------------------------------------------------------------------
Start Renaming Generated Instances
---------------------------------------------------------------------------------
---------------------------------------------------------------------------------
Finished Renaming Generated Instances : Time (s): cpu = 00:00:07 ; elapsed = 00:00:24 . Memory (MB): peak = 1216.902 ; gain = 734.090
---------------------------------------------------------------------------------
---------------------------------------------------------------------------------
Start Rebuilding User Hierarchy
---------------------------------------------------------------------------------
---------------------------------------------------------------------------------
Finished Rebuilding User Hierarchy : Time (s): cpu = 00:00:07 ; elapsed = 00:00:24 . Memory (MB): peak = 1216.902 ; gain = 734.090
---------------------------------------------------------------------------------
---------------------------------------------------------------------------------
Start Renaming Generated Ports
---------------------------------------------------------------------------------
---------------------------------------------------------------------------------
Finished Renaming Generated Ports : Time (s): cpu = 00:00:07 ; elapsed = 00:00:24 . Memory (MB): peak = 1216.902 ; gain = 734.090
---------------------------------------------------------------------------------
---------------------------------------------------------------------------------
Start Handling Custom Attributes
---------------------------------------------------------------------------------
---------------------------------------------------------------------------------
Finished Handling Custom Attributes : Time (s): cpu = 00:00:07 ; elapsed = 00:00:24 . Memory (MB): peak = 1216.902 ; gain = 734.090
---------------------------------------------------------------------------------
---------------------------------------------------------------------------------
Start Renaming Generated Nets
---------------------------------------------------------------------------------
---------------------------------------------------------------------------------
Finished Renaming Generated Nets : Time (s): cpu = 00:00:07 ; elapsed = 00:00:24 . Memory (MB): peak = 1216.902 ; gain = 734.090
---------------------------------------------------------------------------------
---------------------------------------------------------------------------------
Start Writing Synthesis Report
---------------------------------------------------------------------------------

Report BlackBoxes: 
+-+--------------+----------+
| |BlackBox name |Instances |
+-+--------------+----------+
+-+--------------+----------+

Report Cell Usage: 
+------+------+------+
|      |Cell  |Count |
+------+------+------+
|1     |BUFG  |     1|
|2     |LUT1  |     1|
|3     |LUT2  |     2|
|4     |LUT3  |     8|
|5     |LUT4  |     1|
|6     |LUT5  |     9|
|7     |LUT6  |     2|
|8     |FDCE  |    14|
|9     |FDRE  |     9|
|10    |IBUF  |     7|
|11    |OBUF  |    63|
|12    |OBUFT |     8|
+------+------+------+

Report Instance Areas: 
+------+---------+-------+------+
|      |Instance |Module |Cells |
+------+---------+-------+------+
|1     |top      |       |   125|
+------+---------+-------+------+
---------------------------------------------------------------------------------
Finished Writing Synthesis Report : Time (s): cpu = 00:00:07 ; elapsed = 00:00:24 . Memory (MB): peak = 1216.902 ; gain = 734.090
---------------------------------------------------------------------------------
Synthesis finished with 0 errors, 0 critical warnings and 16 warnings.
Synthesis Optimization Runtime : Time (s): cpu = 00:00:07 ; elapsed = 00:00:24 . Memory (MB): peak = 1216.902 ; gain = 734.090
Synthesis Optimization Complete : Time (s): cpu = 00:00:07 ; elapsed = 00:00:24 . Memory (MB): peak = 1216.902 ; gain = 734.090
INFO: [Project 1-571] Translating synthesized netlist
Netlist sorting complete. Time (s): cpu = 00:00:00 ; elapsed = 00:00:00.003 . Memory (MB): peak = 1225.762 ; gain = 0.000
INFO: [Project 1-570] Preparing netlist for logic optimization
INFO: [Opt 31-138] Pushed 0 inverter(s) to 0 load pin(s).
Netlist sorting complete. Time (s): cpu = 00:00:00 ; elapsed = 00:00:00 . Memory (MB): peak = 1317.395 ; gain = 0.000
INFO: [Project 1-111] Unisim Transformation Summary:
No Unisim elements were transformed.

The system cannot find the path specified.
Synth Design complete | Checksum: 5db2ba54
INFO: [Common 17-83] Releasing license: Synthesis
16 Infos, 16 Warnings, 0 Critical Warnings and 0 Errors encountered.
synth_design completed successfully
synth_design: Time (s): cpu = 00:00:08 ; elapsed = 00:00:27 . Memory (MB): peak = 1317.395 ; gain = 840.949
Write ShapeDB Complete: Time (s): cpu = 00:00:00 ; elapsed = 00:00:00.001 . Memory (MB): peak = 1317.395 ; gain = 0.000
INFO: [Common 17-1381] The checkpoint 'C:/Users/user/tic/tic.runs/synth_1/TicTacToe.dcp' has been generated.
INFO: [runtcl-4] Executing : report_utilization -file TicTacToe_utilization_synth.rpt -pb TicTacToe_utilization_synth.pb
INFO: [Common 17-206] Exiting Vivado at Thu Mar 14 22:40:43 2024...
